<?xml version="1.0" encoding="UTF-8"?>
<!-- Generated by org.testng.reporters.JUnitXMLReporter -->
<testsuite ignored="0" hostname="MacBooknoMacBook-Pro.local" failures="0" tests="4" name="Surefire test" time="147.974" errors="0" timestamp="2025-11-06T21:44:22 GMT+07:00">
  <testcase classname="com.example.tests.TaskFlowTest" name="testAddTaskMissingTitleShowsValidation" time="4.235"/>
  <testcase classname="com.example.tests.TaskFlowTest" name="testAddTaskWithFullInfo" time="54.598"/>
  <testcase classname="com.example.tests.TaskFlowTest" name="testClearAllTasksInSettings" time="47.947"/>
  <testcase classname="com.example.tests.TaskFlowTest" name="testViewAllTasksFromHome" time="12.11"/>
</testsuite> <!-- Surefire test -->
