<?xml version="1.0" encoding="UTF-8"?>
<testsuite xmlns:xsi="http://www.w3.org/2001/XMLSchema-instance" xsi:noNamespaceSchemaLocation="https://maven.apache.org/surefire/maven-surefire-plugin/xsd/surefire-test-report-3.0.xsd" version="3.0" name="com.example.tests.TaskCrudSuite" time="3.269" tests="14" errors="0" skipped="13" failures="1">
  <properties>
[...]
</properties>
  <testcase name="setUp" classname="com.example.tests.TaskCrudSuite" time="2.33">
    <failure message="Could not start a new session. Response code 500. Message: Neither ANDROID_HOME nor ANDROID_SDK_ROOT environment variable was exported. Read https://developer.android.com/studio/command-line/variables for more details &#10;Host info: host: &apos;MacBooknoMacBook-Pro.local&apos;, ip: &apos;fe80:0:0:0:d9:2a8c:504e:3510%en0&apos;&#10;Build info: version: &apos;4.13.0&apos;, revision: &apos;ba948ece5b*&apos;&#10;System info: os.name: &apos;Mac OS X&apos;, os.arch: &apos;x86_64&apos;, os.version: &apos;15.6.1&apos;, java.version: &apos;24.0.2&apos;&#10;Driver info: io.appium.java_client.android.AndroidDriver&#10;Command: [null, newSession {capabilities=[{appium:udid=emulator-5554, appium:newCommandTimeout=300, appium:deviceName=Android Emulator, platformName=ANDROID, appium:automationName=UiAutomator2, appium:app=../test-app/build/app/outputs/flutter-apk/app-debug.apk}], desiredCapabilities=Capabilities {appium:app: ../test-app/build/app/outpu..., appium:automationName: UiAutomator2, appium:deviceName: Android Emulator, appium:newCommandTimeout: 300, appium:udid: emulator-5554, platformName: ANDROID}}]&#10;Capabilities {appium:app: ../test-app/build/app/outpu..., appium:automationName: UiAutomator2, appium:deviceName: Android Emulator, appium:newCommandTimeout: 300, appium:udid: emulator-5554, platformName: ANDROID}" type="org.openqa.selenium.SessionNotCreatedException"><![CDATA[org.openqa.selenium.SessionNotCreatedException: 
Could not start a new session. Response code 500. Message: Neither ANDROID_HOME nor ANDROID_SDK_ROOT environment variable was exported. Read https://developer.android.com/studio/command-line/variables for more details 
Host info: host: 'MacBooknoMacBook-Pro.local', ip: 'fe80:0:0:0:d9:2a8c:504e:3510%en0'
Build info: version: '4.13.0', revision: 'ba948ece5b*'
System info: os.name: 'Mac OS X', os.arch: 'x86_64', os.version: '15.6.1', java.version: '24.0.2'
Driver info: io.appium.java_client.android.AndroidDriver
Command: [null, newSession {capabilities=[{appium:udid=emulator-5554, appium:newCommandTimeout=300, appium:deviceName=Android Emulator, platformName=ANDROID, appium:automationName=UiAutomator2, appium:app=../test-app/build/app/outputs/flutter-apk/app-debug.apk}], desiredCapabilities=Capabilities {appium:app: ../test-app/build/app/outpu..., appium:automationName: UiAutomator2, appium:deviceName: Android Emulator, appium:newCommandTimeout: 300, appium:udid: emulator-5554, platformName: ANDROID}}]
Capabilities {appium:app: ../test-app/build/app/outpu..., appium:automationName: UiAutomator2, appium:deviceName: Android Emulator, appium:newCommandTimeout: 300, appium:udid: emulator-5554, platformName: ANDROID}
	at org.openqa.selenium.remote.ProtocolHandshake.createSession(ProtocolHandshake.java:140)
	at java.base/jdk.internal.reflect.DirectMethodHandleAccessor.invoke(DirectMethodHandleAccessor.java:104)
	at java.base/java.lang.reflect.Method.invoke(Method.java:565)
	at io.appium.java_client.remote.AppiumProtocolHandshake.createSession(AppiumProtocolHandshake.java:133)
	at io.appium.java_client.remote.AppiumProtocolHandshake.createSession(AppiumProtocolHandshake.java:102)
	at io.appium.java_client.remote.AppiumCommandExecutor.createSession(AppiumCommandExecutor.java:182)
	at io.appium.java_client.remote.AppiumCommandExecutor.execute(AppiumCommandExecutor.java:250)
	at org.openqa.selenium.remote.RemoteWebDriver.execute(RemoteWebDriver.java:602)
	at io.appium.java_client.AppiumDriver.startSession(AppiumDriver.java:274)
	at org.openqa.selenium.remote.RemoteWebDriver.<init>(RemoteWebDriver.java:163)
	at io.appium.java_client.AppiumDriver.<init>(AppiumDriver.java:89)
	at io.appium.java_client.AppiumDriver.<init>(AppiumDriver.java:101)
	at io.appium.java_client.android.AndroidDriver.<init>(AndroidDriver.java:113)
	at com.example.BaseTest.setUp(BaseTest.java:51)
	at java.base/jdk.internal.reflect.DirectMethodHandleAccessor.invoke(DirectMethodHandleAccessor.java:104)
	at java.base/java.lang.reflect.Method.invoke(Method.java:565)
	at org.testng.internal.invokers.MethodInvocationHelper.invokeMethod(MethodInvocationHelper.java:139)
	at org.testng.internal.invokers.MethodInvocationHelper.invokeMethodConsideringTimeout(MethodInvocationHelper.java:69)
	at org.testng.internal.invokers.ConfigInvoker.invokeConfigurationMethod(ConfigInvoker.java:361)
	at org.testng.internal.invokers.ConfigInvoker.invokeConfigurations(ConfigInvoker.java:296)
	at org.testng.internal.invokers.TestMethodWorker.invokeBeforeClassMethods(TestMethodWorker.java:180)
	at org.testng.internal.invokers.TestMethodWorker.run(TestMethodWorker.java:122)
	at java.base/java.util.ArrayList.forEach(ArrayList.java:1604)
	at org.testng.TestRunner.privateRun(TestRunner.java:829)
	at org.testng.TestRunner.run(TestRunner.java:602)
	at org.testng.SuiteRunner.runTest(SuiteRunner.java:437)
	at org.testng.SuiteRunner.runSequentially(SuiteRunner.java:431)
	at org.testng.SuiteRunner.privateRun(SuiteRunner.java:391)
	at org.testng.SuiteRunner.run(SuiteRunner.java:330)
	at org.testng.SuiteRunnerWorker.runSuite(SuiteRunnerWorker.java:52)
	at org.testng.SuiteRunnerWorker.run(SuiteRunnerWorker.java:95)
	at org.testng.TestNG.runSuitesSequentially(TestNG.java:1256)
	at org.testng.TestNG.runSuitesLocally(TestNG.java:1176)
	at org.testng.TestNG.runSuites(TestNG.java:1099)
	at org.testng.TestNG.run(TestNG.java:1067)
	at org.apache.maven.surefire.testng.TestNGExecutor.run(TestNGExecutor.java:151)
	at org.apache.maven.surefire.testng.TestNGDirectoryTestSuite.executeSingleClass(TestNGDirectoryTestSuite.java:111)
	at org.apache.maven.surefire.testng.TestNGDirectoryTestSuite.execute(TestNGDirectoryTestSuite.java:98)
	at org.apache.maven.surefire.testng.TestNGProvider.invoke(TestNGProvider.java:155)
	at org.apache.maven.surefire.booter.ForkedBooter.runSuitesInProcess(ForkedBooter.java:456)
	at org.apache.maven.surefire.booter.ForkedBooter.execute(ForkedBooter.java:169)
	at org.apache.maven.surefire.booter.ForkedBooter.run(ForkedBooter.java:595)
	at org.apache.maven.surefire.booter.ForkedBooter.main(ForkedBooter.java:581)
]]></failure>
    <system-err><![CDATA[SLF4J: No SLF4J providers were found.
SLF4J: Defaulting to no-operation (NOP) logger implementation
SLF4J: See https://www.slf4j.org/codes.html#noProviders for further details.
]]></system-err>
  </testcase>
  <testcase name="testAddDuplicateTitleRejected" classname="com.example.tests.TaskCrudSuite" time="0">
    <skipped message="Could not start a new session. Response code 500. Message: Neither ANDROID_HOME nor ANDROID_SDK_ROOT environment variable was exported. Read https://developer.android.com/studio/command-line/variables for more details &#10;Host info: host: &apos;MacBooknoMacBook-Pro.local&apos;, ip: &apos;fe80:0:0:0:d9:2a8c:504e:3510%en0&apos;&#10;Build info: version: &apos;4.13.0&apos;, revision: &apos;ba948ece5b*&apos;&#10;System info: os.name: &apos;Mac OS X&apos;, os.arch: &apos;x86_64&apos;, os.version: &apos;15.6.1&apos;, java.version: &apos;24.0.2&apos;&#10;Driver info: io.appium.java_client.android.AndroidDriver&#10;Command: [null, newSession {capabilities=[{appium:udid=emulator-5554, appium:newCommandTimeout=300, appium:deviceName=Android Emulator, platformName=ANDROID, appium:automationName=UiAutomator2, appium:app=../test-app/build/app/outputs/flutter-apk/app-debug.apk}], desiredCapabilities=Capabilities {appium:app: ../test-app/build/app/outpu..., appium:automationName: UiAutomator2, appium:deviceName: Android Emulator, appium:newCommandTimeout: 300, appium:udid: emulator-5554, platformName: ANDROID}}]&#10;Capabilities {appium:app: ../test-app/build/app/outpu..., appium:automationName: UiAutomator2, appium:deviceName: Android Emulator, appium:newCommandTimeout: 300, appium:udid: emulator-5554, platformName: ANDROID}"/>
  </testcase>
  <testcase name="testAddEmojiRejected" classname="com.example.tests.TaskCrudSuite" time="0">
    <skipped message="Could not start a new session. Response code 500. Message: Neither ANDROID_HOME nor ANDROID_SDK_ROOT environment variable was exported. Read https://developer.android.com/studio/command-line/variables for more details &#10;Host info: host: &apos;MacBooknoMacBook-Pro.local&apos;, ip: &apos;fe80:0:0:0:d9:2a8c:504e:3510%en0&apos;&#10;Build info: version: &apos;4.13.0&apos;, revision: &apos;ba948ece5b*&apos;&#10;System info: os.name: &apos;Mac OS X&apos;, os.arch: &apos;x86_64&apos;, os.version: &apos;15.6.1&apos;, java.version: &apos;24.0.2&apos;&#10;Driver info: io.appium.java_client.android.AndroidDriver&#10;Command: [null, newSession {capabilities=[{appium:udid=emulator-5554, appium:newCommandTimeout=300, appium:deviceName=Android Emulator, platformName=ANDROID, appium:automationName=UiAutomator2, appium:app=../test-app/build/app/outputs/flutter-apk/app-debug.apk}], desiredCapabilities=Capabilities {appium:app: ../test-app/build/app/outpu..., appium:automationName: UiAutomator2, appium:deviceName: Android Emulator, appium:newCommandTimeout: 300, appium:udid: emulator-5554, platformName: ANDROID}}]&#10;Capabilities {appium:app: ../test-app/build/app/outpu..., appium:automationName: UiAutomator2, appium:deviceName: Android Emulator, appium:newCommandTimeout: 300, appium:udid: emulator-5554, platformName: ANDROID}"/>
  </testcase>
  <testcase name="testAddHundredTasks" classname="com.example.tests.TaskCrudSuite" time="0">
    <skipped message="Could not start a new session. Response code 500. Message: Neither ANDROID_HOME nor ANDROID_SDK_ROOT environment variable was exported. Read https://developer.android.com/studio/command-line/variables for more details &#10;Host info: host: &apos;MacBooknoMacBook-Pro.local&apos;, ip: &apos;fe80:0:0:0:d9:2a8c:504e:3510%en0&apos;&#10;Build info: version: &apos;4.13.0&apos;, revision: &apos;ba948ece5b*&apos;&#10;System info: os.name: &apos;Mac OS X&apos;, os.arch: &apos;x86_64&apos;, os.version: &apos;15.6.1&apos;, java.version: &apos;24.0.2&apos;&#10;Driver info: io.appium.java_client.android.AndroidDriver&#10;Command: [null, newSession {capabilities=[{appium:udid=emulator-5554, appium:newCommandTimeout=300, appium:deviceName=Android Emulator, platformName=ANDROID, appium:automationName=UiAutomator2, appium:app=../test-app/build/app/outputs/flutter-apk/app-debug.apk}], desiredCapabilities=Capabilities {appium:app: ../test-app/build/app/outpu..., appium:automationName: UiAutomator2, appium:deviceName: Android Emulator, appium:newCommandTimeout: 300, appium:udid: emulator-5554, platformName: ANDROID}}]&#10;Capabilities {appium:app: ../test-app/build/app/outpu..., appium:automationName: UiAutomator2, appium:deviceName: Android Emulator, appium:newCommandTimeout: 300, appium:udid: emulator-5554, platformName: ANDROID}"/>
  </testcase>
  <testcase name="testAddLongDescriptionPrompts" classname="com.example.tests.TaskCrudSuite" time="0">
    <skipped message="Could not start a new session. Response code 500. Message: Neither ANDROID_HOME nor ANDROID_SDK_ROOT environment variable was exported. Read https://developer.android.com/studio/command-line/variables for more details &#10;Host info: host: &apos;MacBooknoMacBook-Pro.local&apos;, ip: &apos;fe80:0:0:0:d9:2a8c:504e:3510%en0&apos;&#10;Build info: version: &apos;4.13.0&apos;, revision: &apos;ba948ece5b*&apos;&#10;System info: os.name: &apos;Mac OS X&apos;, os.arch: &apos;x86_64&apos;, os.version: &apos;15.6.1&apos;, java.version: &apos;24.0.2&apos;&#10;Driver info: io.appium.java_client.android.AndroidDriver&#10;Command: [null, newSession {capabilities=[{appium:udid=emulator-5554, appium:newCommandTimeout=300, appium:deviceName=Android Emulator, platformName=ANDROID, appium:automationName=UiAutomator2, appium:app=../test-app/build/app/outputs/flutter-apk/app-debug.apk}], desiredCapabilities=Capabilities {appium:app: ../test-app/build/app/outpu..., appium:automationName: UiAutomator2, appium:deviceName: Android Emulator, appium:newCommandTimeout: 300, appium:udid: emulator-5554, platformName: ANDROID}}]&#10;Capabilities {appium:app: ../test-app/build/app/outpu..., appium:automationName: UiAutomator2, appium:deviceName: Android Emulator, appium:newCommandTimeout: 300, appium:udid: emulator-5554, platformName: ANDROID}"/>
  </testcase>
  <testcase name="testAddSpecialCharactersRejected" classname="com.example.tests.TaskCrudSuite" time="0">
    <skipped message="Could not start a new session. Response code 500. Message: Neither ANDROID_HOME nor ANDROID_SDK_ROOT environment variable was exported. Read https://developer.android.com/studio/command-line/variables for more details &#10;Host info: host: &apos;MacBooknoMacBook-Pro.local&apos;, ip: &apos;fe80:0:0:0:d9:2a8c:504e:3510%en0&apos;&#10;Build info: version: &apos;4.13.0&apos;, revision: &apos;ba948ece5b*&apos;&#10;System info: os.name: &apos;Mac OS X&apos;, os.arch: &apos;x86_64&apos;, os.version: &apos;15.6.1&apos;, java.version: &apos;24.0.2&apos;&#10;Driver info: io.appium.java_client.android.AndroidDriver&#10;Command: [null, newSession {capabilities=[{appium:udid=emulator-5554, appium:newCommandTimeout=300, appium:deviceName=Android Emulator, platformName=ANDROID, appium:automationName=UiAutomator2, appium:app=../test-app/build/app/outputs/flutter-apk/app-debug.apk}], desiredCapabilities=Capabilities {appium:app: ../test-app/build/app/outpu..., appium:automationName: UiAutomator2, appium:deviceName: Android Emulator, appium:newCommandTimeout: 300, appium:udid: emulator-5554, platformName: ANDROID}}]&#10;Capabilities {appium:app: ../test-app/build/app/outpu..., appium:automationName: UiAutomator2, appium:deviceName: Android Emulator, appium:newCommandTimeout: 300, appium:udid: emulator-5554, platformName: ANDROID}"/>
  </testcase>
  <testcase name="testAddTaskNoTitleShowsValidation" classname="com.example.tests.TaskCrudSuite" time="0">
    <skipped message="Could not start a new session. Response code 500. Message: Neither ANDROID_HOME nor ANDROID_SDK_ROOT environment variable was exported. Read https://developer.android.com/studio/command-line/variables for more details &#10;Host info: host: &apos;MacBooknoMacBook-Pro.local&apos;, ip: &apos;fe80:0:0:0:d9:2a8c:504e:3510%en0&apos;&#10;Build info: version: &apos;4.13.0&apos;, revision: &apos;ba948ece5b*&apos;&#10;System info: os.name: &apos;Mac OS X&apos;, os.arch: &apos;x86_64&apos;, os.version: &apos;15.6.1&apos;, java.version: &apos;24.0.2&apos;&#10;Driver info: io.appium.java_client.android.AndroidDriver&#10;Command: [null, newSession {capabilities=[{appium:udid=emulator-5554, appium:newCommandTimeout=300, appium:deviceName=Android Emulator, platformName=ANDROID, appium:automationName=UiAutomator2, appium:app=../test-app/build/app/outputs/flutter-apk/app-debug.apk}], desiredCapabilities=Capabilities {appium:app: ../test-app/build/app/outpu..., appium:automationName: UiAutomator2, appium:deviceName: Android Emulator, appium:newCommandTimeout: 300, appium:udid: emulator-5554, platformName: ANDROID}}]&#10;Capabilities {appium:app: ../test-app/build/app/outpu..., appium:automationName: UiAutomator2, appium:deviceName: Android Emulator, appium:newCommandTimeout: 300, appium:udid: emulator-5554, platformName: ANDROID}"/>
  </testcase>
  <testcase name="testAddTaskWithOnlyTitle" classname="com.example.tests.TaskCrudSuite" time="0">
    <skipped message="Could not start a new session. Response code 500. Message: Neither ANDROID_HOME nor ANDROID_SDK_ROOT environment variable was exported. Read https://developer.android.com/studio/command-line/variables for more details &#10;Host info: host: &apos;MacBooknoMacBook-Pro.local&apos;, ip: &apos;fe80:0:0:0:d9:2a8c:504e:3510%en0&apos;&#10;Build info: version: &apos;4.13.0&apos;, revision: &apos;ba948ece5b*&apos;&#10;System info: os.name: &apos;Mac OS X&apos;, os.arch: &apos;x86_64&apos;, os.version: &apos;15.6.1&apos;, java.version: &apos;24.0.2&apos;&#10;Driver info: io.appium.java_client.android.AndroidDriver&#10;Command: [null, newSession {capabilities=[{appium:udid=emulator-5554, appium:newCommandTimeout=300, appium:deviceName=Android Emulator, platformName=ANDROID, appium:automationName=UiAutomator2, appium:app=../test-app/build/app/outputs/flutter-apk/app-debug.apk}], desiredCapabilities=Capabilities {appium:app: ../test-app/build/app/outpu..., appium:automationName: UiAutomator2, appium:deviceName: Android Emulator, appium:newCommandTimeout: 300, appium:udid: emulator-5554, platformName: ANDROID}}]&#10;Capabilities {appium:app: ../test-app/build/app/outpu..., appium:automationName: UiAutomator2, appium:deviceName: Android Emulator, appium:newCommandTimeout: 300, appium:udid: emulator-5554, platformName: ANDROID}"/>
  </testcase>
  <testcase name="testAddTaskWithTitleAndDescription" classname="com.example.tests.TaskCrudSuite" time="0">
    <skipped message="Could not start a new session. Response code 500. Message: Neither ANDROID_HOME nor ANDROID_SDK_ROOT environment variable was exported. Read https://developer.android.com/studio/command-line/variables for more details &#10;Host info: host: &apos;MacBooknoMacBook-Pro.local&apos;, ip: &apos;fe80:0:0:0:d9:2a8c:504e:3510%en0&apos;&#10;Build info: version: &apos;4.13.0&apos;, revision: &apos;ba948ece5b*&apos;&#10;System info: os.name: &apos;Mac OS X&apos;, os.arch: &apos;x86_64&apos;, os.version: &apos;15.6.1&apos;, java.version: &apos;24.0.2&apos;&#10;Driver info: io.appium.java_client.android.AndroidDriver&#10;Command: [null, newSession {capabilities=[{appium:udid=emulator-5554, appium:newCommandTimeout=300, appium:deviceName=Android Emulator, platformName=ANDROID, appium:automationName=UiAutomator2, appium:app=../test-app/build/app/outputs/flutter-apk/app-debug.apk}], desiredCapabilities=Capabilities {appium:app: ../test-app/build/app/outpu..., appium:automationName: UiAutomator2, appium:deviceName: Android Emulator, appium:newCommandTimeout: 300, appium:udid: emulator-5554, platformName: ANDROID}}]&#10;Capabilities {appium:app: ../test-app/build/app/outpu..., appium:automationName: UiAutomator2, appium:deviceName: Android Emulator, appium:newCommandTimeout: 300, appium:udid: emulator-5554, platformName: ANDROID}"/>
  </testcase>
  <testcase name="testDeleteAllTasks" classname="com.example.tests.TaskCrudSuite" time="0">
    <skipped message="Could not start a new session. Response code 500. Message: Neither ANDROID_HOME nor ANDROID_SDK_ROOT environment variable was exported. Read https://developer.android.com/studio/command-line/variables for more details &#10;Host info: host: &apos;MacBooknoMacBook-Pro.local&apos;, ip: &apos;fe80:0:0:0:d9:2a8c:504e:3510%en0&apos;&#10;Build info: version: &apos;4.13.0&apos;, revision: &apos;ba948ece5b*&apos;&#10;System info: os.name: &apos;Mac OS X&apos;, os.arch: &apos;x86_64&apos;, os.version: &apos;15.6.1&apos;, java.version: &apos;24.0.2&apos;&#10;Driver info: io.appium.java_client.android.AndroidDriver&#10;Command: [null, newSession {capabilities=[{appium:udid=emulator-5554, appium:newCommandTimeout=300, appium:deviceName=Android Emulator, platformName=ANDROID, appium:automationName=UiAutomator2, appium:app=../test-app/build/app/outputs/flutter-apk/app-debug.apk}], desiredCapabilities=Capabilities {appium:app: ../test-app/build/app/outpu..., appium:automationName: UiAutomator2, appium:deviceName: Android Emulator, appium:newCommandTimeout: 300, appium:udid: emulator-5554, platformName: ANDROID}}]&#10;Capabilities {appium:app: ../test-app/build/app/outpu..., appium:automationName: UiAutomator2, appium:deviceName: Android Emulator, appium:newCommandTimeout: 300, appium:udid: emulator-5554, platformName: ANDROID}"/>
  </testcase>
  <testcase name="testDeleteOneInLongList" classname="com.example.tests.TaskCrudSuite" time="0">
    <skipped message="Could not start a new session. Response code 500. Message: Neither ANDROID_HOME nor ANDROID_SDK_ROOT environment variable was exported. Read https://developer.android.com/studio/command-line/variables for more details &#10;Host info: host: &apos;MacBooknoMacBook-Pro.local&apos;, ip: &apos;fe80:0:0:0:d9:2a8c:504e:3510%en0&apos;&#10;Build info: version: &apos;4.13.0&apos;, revision: &apos;ba948ece5b*&apos;&#10;System info: os.name: &apos;Mac OS X&apos;, os.arch: &apos;x86_64&apos;, os.version: &apos;15.6.1&apos;, java.version: &apos;24.0.2&apos;&#10;Driver info: io.appium.java_client.android.AndroidDriver&#10;Command: [null, newSession {capabilities=[{appium:udid=emulator-5554, appium:newCommandTimeout=300, appium:deviceName=Android Emulator, platformName=ANDROID, appium:automationName=UiAutomator2, appium:app=../test-app/build/app/outputs/flutter-apk/app-debug.apk}], desiredCapabilities=Capabilities {appium:app: ../test-app/build/app/outpu..., appium:automationName: UiAutomator2, appium:deviceName: Android Emulator, appium:newCommandTimeout: 300, appium:udid: emulator-5554, platformName: ANDROID}}]&#10;Capabilities {appium:app: ../test-app/build/app/outpu..., appium:automationName: UiAutomator2, appium:deviceName: Android Emulator, appium:newCommandTimeout: 300, appium:udid: emulator-5554, platformName: ANDROID}"/>
  </testcase>
  <testcase name="testDeleteSpecificTask" classname="com.example.tests.TaskCrudSuite" time="0">
    <skipped message="Could not start a new session. Response code 500. Message: Neither ANDROID_HOME nor ANDROID_SDK_ROOT environment variable was exported. Read https://developer.android.com/studio/command-line/variables for more details &#10;Host info: host: &apos;MacBooknoMacBook-Pro.local&apos;, ip: &apos;fe80:0:0:0:d9:2a8c:504e:3510%en0&apos;&#10;Build info: version: &apos;4.13.0&apos;, revision: &apos;ba948ece5b*&apos;&#10;System info: os.name: &apos;Mac OS X&apos;, os.arch: &apos;x86_64&apos;, os.version: &apos;15.6.1&apos;, java.version: &apos;24.0.2&apos;&#10;Driver info: io.appium.java_client.android.AndroidDriver&#10;Command: [null, newSession {capabilities=[{appium:udid=emulator-5554, appium:newCommandTimeout=300, appium:deviceName=Android Emulator, platformName=ANDROID, appium:automationName=UiAutomator2, appium:app=../test-app/build/app/outputs/flutter-apk/app-debug.apk}], desiredCapabilities=Capabilities {appium:app: ../test-app/build/app/outpu..., appium:automationName: UiAutomator2, appium:deviceName: Android Emulator, appium:newCommandTimeout: 300, appium:udid: emulator-5554, platformName: ANDROID}}]&#10;Capabilities {appium:app: ../test-app/build/app/outpu..., appium:automationName: UiAutomator2, appium:deviceName: Android Emulator, appium:newCommandTimeout: 300, appium:udid: emulator-5554, platformName: ANDROID}"/>
  </testcase>
  <testcase name="testDeleteTaskViaMenu" classname="com.example.tests.TaskCrudSuite" time="0">
    <skipped message="Could not start a new session. Response code 500. Message: Neither ANDROID_HOME nor ANDROID_SDK_ROOT environment variable was exported. Read https://developer.android.com/studio/command-line/variables for more details &#10;Host info: host: &apos;MacBooknoMacBook-Pro.local&apos;, ip: &apos;fe80:0:0:0:d9:2a8c:504e:3510%en0&apos;&#10;Build info: version: &apos;4.13.0&apos;, revision: &apos;ba948ece5b*&apos;&#10;System info: os.name: &apos;Mac OS X&apos;, os.arch: &apos;x86_64&apos;, os.version: &apos;15.6.1&apos;, java.version: &apos;24.0.2&apos;&#10;Driver info: io.appium.java_client.android.AndroidDriver&#10;Command: [null, newSession {capabilities=[{appium:udid=emulator-5554, appium:newCommandTimeout=300, appium:deviceName=Android Emulator, platformName=ANDROID, appium:automationName=UiAutomator2, appium:app=../test-app/build/app/outputs/flutter-apk/app-debug.apk}], desiredCapabilities=Capabilities {appium:app: ../test-app/build/app/outpu..., appium:automationName: UiAutomator2, appium:deviceName: Android Emulator, appium:newCommandTimeout: 300, appium:udid: emulator-5554, platformName: ANDROID}}]&#10;Capabilities {appium:app: ../test-app/build/app/outpu..., appium:automationName: UiAutomator2, appium:deviceName: Android Emulator, appium:newCommandTimeout: 300, appium:udid: emulator-5554, platformName: ANDROID}"/>
  </testcase>
  <testcase name="testDisplayLongDescriptionTruncation" classname="com.example.tests.TaskCrudSuite" time="0">
    <skipped message="Could not start a new session. Response code 500. Message: Neither ANDROID_HOME nor ANDROID_SDK_ROOT environment variable was exported. Read https://developer.android.com/studio/command-line/variables for more details &#10;Host info: host: &apos;MacBooknoMacBook-Pro.local&apos;, ip: &apos;fe80:0:0:0:d9:2a8c:504e:3510%en0&apos;&#10;Build info: version: &apos;4.13.0&apos;, revision: &apos;ba948ece5b*&apos;&#10;System info: os.name: &apos;Mac OS X&apos;, os.arch: &apos;x86_64&apos;, os.version: &apos;15.6.1&apos;, java.version: &apos;24.0.2&apos;&#10;Driver info: io.appium.java_client.android.AndroidDriver&#10;Command: [null, newSession {capabilities=[{appium:udid=emulator-5554, appium:newCommandTimeout=300, appium:deviceName=Android Emulator, platformName=ANDROID, appium:automationName=UiAutomator2, appium:app=../test-app/build/app/outputs/flutter-apk/app-debug.apk}], desiredCapabilities=Capabilities {appium:app: ../test-app/build/app/outpu..., appium:automationName: UiAutomator2, appium:deviceName: Android Emulator, appium:newCommandTimeout: 300, appium:udid: emulator-5554, platformName: ANDROID}}]&#10;Capabilities {appium:app: ../test-app/build/app/outpu..., appium:automationName: UiAutomator2, appium:deviceName: Android Emulator, appium:newCommandTimeout: 300, appium:udid: emulator-5554, platformName: ANDROID}"/>
  </testcase>
</testsuite>