<?xml version="1.0" encoding="UTF-8"?>
<testng-results ignored="0" total="4" passed="4" failed="0" skipped="0">
  <reporter-output>
  </reporter-output>
  <suite started-at="2025-11-06T21:41:54 GMT+07:00" name="Surefire suite" finished-at="2025-11-06T21:44:22 GMT+07:00" duration-ms="147974">
    <groups>
    </groups>
    <test started-at="2025-11-06T21:41:54 GMT+07:00" name="Surefire test" finished-at="2025-11-06T21:44:22 GMT+07:00" duration-ms="147974">
      <class name="com.example.tests.TaskFlowTest">
        <test-method is-config="true" signature="setUp()[pri:0, instance:com.example.tests.TaskFlowTest@214b199c]" started-at="2025-11-06T21:41:54 GMT+07:00" name="setUp" finished-at="2025-11-06T21:42:21 GMT+07:00" duration-ms="26440" status="PASS">
          <reporter-output>
          </reporter-output>
        </test-method> <!-- setUp -->
        <test-method is-config="true" signature="beforeEach()[pri:0, instance:com.example.tests.TaskFlowTest@214b199c]" started-at="2025-11-06T21:42:21 GMT+07:00" name="beforeEach" finished-at="2025-11-06T21:42:21 GMT+07:00" duration-ms="1" status="PASS">
          <reporter-output>
          </reporter-output>
        </test-method> <!-- beforeEach -->
        <test-method signature="testAddTaskMissingTitleShowsValidation()[pri:0, instance:com.example.tests.TaskFlowTest@214b199c]" started-at="2025-11-06T21:42:21 GMT+07:00" name="testAddTaskMissingTitleShowsValidation" description="Attempt to add task missing title, expect validation keeps dialog open" finished-at="2025-11-06T21:42:25 GMT+07:00" duration-ms="4235" status="PASS">
          <reporter-output>
          </reporter-output>
        </test-method> <!-- testAddTaskMissingTitleShowsValidation -->
        <test-method signature="testAddTaskWithFullInfo()[pri:0, instance:com.example.tests.TaskFlowTest@214b199c]" started-at="2025-11-06T21:42:25 GMT+07:00" name="testAddTaskWithFullInfo" description="Add task with full title and description, then save" finished-at="2025-11-06T21:43:19 GMT+07:00" duration-ms="54598" status="PASS">
          <reporter-output>
          </reporter-output>
        </test-method> <!-- testAddTaskWithFullInfo -->
        <test-method is-config="true" signature="beforeEach()[pri:0, instance:com.example.tests.TaskFlowTest@214b199c]" started-at="2025-11-06T21:42:25 GMT+07:00" name="beforeEach" finished-at="2025-11-06T21:42:25 GMT+07:00" duration-ms="0" status="PASS">
          <reporter-output>
          </reporter-output>
        </test-method> <!-- beforeEach -->
        <test-method is-config="true" signature="beforeEach()[pri:0, instance:com.example.tests.TaskFlowTest@214b199c]" started-at="2025-11-06T21:43:19 GMT+07:00" name="beforeEach" finished-at="2025-11-06T21:43:19 GMT+07:00" duration-ms="1" status="PASS">
          <reporter-output>
          </reporter-output>
        </test-method> <!-- beforeEach -->
        <test-method signature="testClearAllTasksInSettings()[pri:0, instance:com.example.tests.TaskFlowTest@214b199c]" started-at="2025-11-06T21:43:19 GMT+07:00" name="testClearAllTasksInSettings" description="Clear all tasks from Settings with confirmation" finished-at="2025-11-06T21:44:07 GMT+07:00" duration-ms="47947" status="PASS">
          <reporter-output>
          </reporter-output>
        </test-method> <!-- testClearAllTasksInSettings -->
        <test-method signature="testViewAllTasksFromHome()[pri:0, instance:com.example.tests.TaskFlowTest@214b199c]" started-at="2025-11-06T21:44:07 GMT+07:00" name="testViewAllTasksFromHome" description="From Home, tap &#039;Xem tất cả công việc&#039; to view full list" finished-at="2025-11-06T21:44:20 GMT+07:00" duration-ms="12110" status="PASS">
          <reporter-output>
          </reporter-output>
        </test-method> <!-- testViewAllTasksFromHome -->
        <test-method is-config="true" signature="beforeEach()[pri:0, instance:com.example.tests.TaskFlowTest@214b199c]" started-at="2025-11-06T21:44:07 GMT+07:00" name="beforeEach" finished-at="2025-11-06T21:44:07 GMT+07:00" duration-ms="0" status="PASS">
          <reporter-output>
          </reporter-output>
        </test-method> <!-- beforeEach -->
        <test-method is-config="true" signature="tearDown()[pri:0, instance:com.example.tests.TaskFlowTest@214b199c]" started-at="2025-11-06T21:44:20 GMT+07:00" name="tearDown" finished-at="2025-11-06T21:44:22 GMT+07:00" duration-ms="2598" status="PASS">
          <reporter-output>
          </reporter-output>
        </test-method> <!-- tearDown -->
      </class> <!-- com.example.tests.TaskFlowTest -->
    </test> <!-- Surefire test -->
  </suite> <!-- Surefire suite -->
</testng-results>
