<?xml version="1.0" encoding="UTF-8"?>
<testsuite xmlns:xsi="http://www.w3.org/2001/XMLSchema-instance" xsi:noNamespaceSchemaLocation="https://maven.apache.org/surefire/maven-surefire-plugin/xsd/surefire-test-report-3.0.xsd" version="3.0" name="TestSuite" time="464.756" tests="15" errors="0" skipped="0" failures="0">
  <properties>
[...]
</properties>
  <testcase name="testCreateEmptyTask" classname="com.example.tests.CreateTaskSuite" time="19.665">
    <system-err><![CDATA[SLF4J: No SLF4J providers were found.
SLF4J: Defaulting to no-operation (NOP) logger implementation
SLF4J: See https://www.slf4j.org/codes.html#noProviders for further details.
]]></system-err>
  </testcase>
  <testcase name="testCreateLongTask" classname="com.example.tests.CreateTaskSuite" time="18.523">
    <system-out><![CDATA[
✅ PASSED: com.example.tests.CreateTaskSuite.testCreateEmptyTask (19664ms)
]]></system-out>
  </testcase>
  <testcase name="testCreateSimpleTask" classname="com.example.tests.CreateTaskSuite" time="18.932">
    <system-out><![CDATA[
✅ PASSED: com.example.tests.CreateTaskSuite.testCreateLongTask (18524ms)
]]></system-out>
  </testcase>
  <testcase name="testCreateTaskWithNumbers" classname="com.example.tests.CreateTaskSuite" time="17.546">
    <system-out><![CDATA[
✅ PASSED: com.example.tests.CreateTaskSuite.testCreateSimpleTask (18933ms)
]]></system-out>
  </testcase>
  <testcase name="testCreateVietnameseTask" classname="com.example.tests.CreateTaskSuite" time="19.411">
    <system-out><![CDATA[
✅ PASSED: com.example.tests.CreateTaskSuite.testCreateTaskWithNumbers (17547ms)
]]></system-out>
  </testcase>
  <testcase name="testUpdateMultipleTimes" classname="com.example.tests.UpdateTaskSuite" time="43.261">
    <system-out><![CDATA[
✅ PASSED: com.example.tests.CreateTaskSuite.testCreateVietnameseTask (19411ms)
]]></system-out>
  </testcase>
  <testcase name="testUpdateSimpleTask" classname="com.example.tests.UpdateTaskSuite" time="37.317">
    <system-out><![CDATA[
✅ PASSED: com.example.tests.UpdateTaskSuite.testUpdateMultipleTimes (43261ms)
]]></system-out>
  </testcase>
  <testcase name="testUpdateToLongerText" classname="com.example.tests.UpdateTaskSuite" time="24.431">
    <system-out><![CDATA[
✅ PASSED: com.example.tests.UpdateTaskSuite.testUpdateSimpleTask (37317ms)
]]></system-out>
  </testcase>
  <testcase name="testUpdateToVietnamese" classname="com.example.tests.UpdateTaskSuite" time="34.056">
    <system-out><![CDATA[
✅ PASSED: com.example.tests.UpdateTaskSuite.testUpdateToLongerText (24432ms)
]]></system-out>
  </testcase>
  <testcase name="testUpdateWithNumbers" classname="com.example.tests.UpdateTaskSuite" time="37.175">
    <system-out><![CDATA[
✅ PASSED: com.example.tests.UpdateTaskSuite.testUpdateToVietnamese (34057ms)
]]></system-out>
  </testcase>
  <testcase name="testDeleteAfterCreation" classname="com.example.tests.DeleteTaskSuite" time="18.908">
    <system-out><![CDATA[
✅ PASSED: com.example.tests.UpdateTaskSuite.testUpdateWithNumbers (37175ms)
]]></system-out>
  </testcase>
  <testcase name="testDeleteFirstTask" classname="com.example.tests.DeleteTaskSuite" time="17.595">
    <system-out><![CDATA[
✅ PASSED: com.example.tests.DeleteTaskSuite.testDeleteAfterCreation (18906ms)
]]></system-out>
  </testcase>
  <testcase name="testDeleteMultipleTasks" classname="com.example.tests.DeleteTaskSuite" time="45.571">
    <system-out><![CDATA[
✅ PASSED: com.example.tests.DeleteTaskSuite.testDeleteFirstTask (17595ms)
]]></system-out>
  </testcase>
  <testcase name="testDeleteSimpleTask" classname="com.example.tests.DeleteTaskSuite" time="16.829">
    <system-out><![CDATA[
✅ PASSED: com.example.tests.DeleteTaskSuite.testDeleteMultipleTasks (45571ms)
]]></system-out>
  </testcase>
  <testcase name="testDeleteVietnameseTask" classname="com.example.tests.DeleteTaskSuite" time="27.745">
    <system-out><![CDATA[
✅ PASSED: com.example.tests.DeleteTaskSuite.testDeleteSimpleTask (16829ms)
]]></system-out>
  </testcase>
</testsuite>