<?xml version="1.0" encoding="UTF-8"?>
<!-- Generated by org.testng.reporters.JUnitReportReporter -->
<testsuite hostname="MacBooknoMacBook-Pro.local" failures="0" tests="5" name="com.example.tests.AddTaskInlineSuite" time="97.924" errors="0" timestamp="2025-11-25T11:28:39 GMT+07:00" skipped="0">
  <testcase classname="com.example.tests.AddTaskInlineSuite" name="testAddTask3" time="19.166"/>
  <system-out/>
  <testcase classname="com.example.tests.AddTaskInlineSuite" name="testAddTask2" time="19.676"/>
  <system-out/>
  <testcase classname="com.example.tests.AddTaskInlineSuite" name="testAddTask1" time="20.356"/>
  <system-out/>
  <testcase classname="com.example.tests.AddTaskInlineSuite" name="testAddTask5" time="19.409"/>
  <system-out/>
  <testcase classname="com.example.tests.AddTaskInlineSuite" name="testAddTask4" time="19.317"/>
  <system-out/>
</testsuite> <!-- com.example.tests.AddTaskInlineSuite -->
