<?xml version="1.0" encoding="UTF-8"?>
<!-- Generated by org.testng.reporters.JUnitReportReporter -->
<testsuite hostname="MacBooknoMacBook-Pro.local" failures="0" tests="5" name="com.example.tests.UpdateTaskSuite" time="182.704" errors="0" timestamp="2025-11-25T12:11:35 GMT+07:00" skipped="0">
  <testcase classname="com.example.tests.UpdateTaskSuite" name="testUpdateToVietnamese" time="35.076"/>
  <system-out/>
  <testcase classname="com.example.tests.UpdateTaskSuite" name="testUpdateToLongerText" time="26.193"/>
  <system-out/>
  <testcase classname="com.example.tests.UpdateTaskSuite" name="testUpdateMultipleTimes" time="44.332"/>
  <system-out/>
  <testcase classname="com.example.tests.UpdateTaskSuite" name="testUpdateSimpleTask" time="38.357"/>
  <system-out/>
  <testcase classname="com.example.tests.UpdateTaskSuite" name="testUpdateWithNumbers" time="38.746"/>
  <system-out/>
</testsuite> <!-- com.example.tests.UpdateTaskSuite -->
