<?xml version="1.0" encoding="UTF-8"?>
<!-- Generated by org.testng.reporters.JUnitReportReporter -->
<testsuite hostname="MacBooknoMacBook-Pro.local" failures="0" tests="14" name="com.example.tests.TaskCrudSuite" time="1.780" errors="1" timestamp="2025-11-06T16:35:45 GMT+07:00" skipped="13">
  <testcase classname="com.example.tests.TaskCrudSuite" name="testAddDuplicateTitleRejected" time="0.000">
    <skipped/>
  </testcase> <!-- testAddDuplicateTitleRejected -->
  <system-out/>
  <testcase classname="com.example.tests.TaskCrudSuite" name="testAddEmojiRejected" time="0.000">
    <skipped/>
  </testcase> <!-- testAddEmojiRejected -->
  <system-out/>
  <testcase classname="com.example.tests.TaskCrudSuite" name="testAddHundredTasks" time="0.000">
    <skipped/>
  </testcase> <!-- testAddHundredTasks -->
  <system-out/>
  <testcase classname="com.example.tests.TaskCrudSuite" name="testAddTaskWithTitleAndDescription" time="0.000">
    <skipped/>
  </testcase> <!-- testAddTaskWithTitleAndDescription -->
  <system-out/>
  <testcase classname="com.example.tests.TaskCrudSuite" name="testDeleteOneInLongList" time="0.000">
    <skipped/>
  </testcase> <!-- testDeleteOneInLongList -->
  <system-out/>
  <testcase classname="com.example.tests.TaskCrudSuite" name="testAddTaskNoTitleShowsValidation" time="0.000">
    <skipped/>
  </testcase> <!-- testAddTaskNoTitleShowsValidation -->
  <system-out/>
  <testcase classname="com.example.tests.TaskCrudSuite" name="testDeleteTaskViaMenu" time="0.000">
    <skipped/>
  </testcase> <!-- testDeleteTaskViaMenu -->
  <system-out/>
  <testcase classname="com.example.tests.TaskCrudSuite" name="testDisplayLongDescriptionTruncation" time="0.000">
    <skipped/>
  </testcase> <!-- testDisplayLongDescriptionTruncation -->
  <system-out/>
  <testcase classname="com.example.tests.TaskCrudSuite" name="testAddLongDescriptionPrompts" time="0.000">
    <skipped/>
  </testcase> <!-- testAddLongDescriptionPrompts -->
  <system-out/>
  <testcase classname="com.example.tests.TaskCrudSuite" name="testAddSpecialCharactersRejected" time="0.000">
    <skipped/>
  </testcase> <!-- testAddSpecialCharactersRejected -->
  <system-out/>
  <testcase classname="com.example.tests.TaskCrudSuite" name="testDeleteSpecificTask" time="0.000">
    <skipped/>
  </testcase> <!-- testDeleteSpecificTask -->
  <system-out/>
  <testcase classname="com.example.tests.TaskCrudSuite" name="testAddTaskWithOnlyTitle" time="0.000">
    <skipped/>
  </testcase> <!-- testAddTaskWithOnlyTitle -->
  <system-out/>
  <testcase classname="com.example.tests.TaskCrudSuite" name="testDeleteAllTasks" time="0.000">
    <skipped/>
  </testcase> <!-- testDeleteAllTasks -->
  <system-out/>
  <testcase classname="com.example.tests.TaskCrudSuite" name="setUp" time="1.780">
    <error message="Could not start a new session. Response code 500. Message: Neither ANDROID_HOME nor ANDROID_SDK_ROOT environment variable was exported. Read https://developer.android.com/studio/command-line/variables for more details 
Host info: host: &#039;MacBooknoMacBook-Pro.local&#039;, ip: &#039;fe80:0:0:0:d9:2a8c:504e:3510%en0&#039;
Build info: version: &#039;4.13.0&#039;, revision: &#039;ba948ece5b*&#039;
System info: os.name: &#039;Mac OS X&#039;, os.arch: &#039;x86_64&#039;, os.version: &#039;15.6.1&#039;, java.version: &#039;24.0.2&#039;
Driver info: io.appium.java_client.android.AndroidDriver
Command: [null, newSession {capabilities=[{appium:udid=emulator-5554, appium:newCommandTimeout=300, appium:deviceName=Android Emulator, platformName=ANDROID, appium:automationName=UiAutomator2, appium:app=../test-app/build/app/outputs/flutter-apk/app-debug.apk}], desiredCapabilities=Capabilities {appium:app: ../test-app/build/app/outpu..., appium:automationName: UiAutomator2, appium:deviceName: Android Emulator, appium:newCommandTimeout: 300, appium:udid: emulator-5554, platformName: ANDROID}}]
Capabilities {appium:app: ../test-app/build/app/outpu..., appium:automationName: UiAutomator2, appium:deviceName: Android Emulator, appium:newCommandTimeout: 300, appium:udid: emulator-5554, platformName: ANDROID}" type="org.openqa.selenium.SessionNotCreatedException">
      <![CDATA[org.openqa.selenium.SessionNotCreatedException: Could not start a new session. Response code 500. Message: Neither ANDROID_HOME nor ANDROID_SDK_ROOT environment variable was exported. Read https://developer.android.com/studio/command-line/variables for more details 
Host info: host: 'MacBooknoMacBook-Pro.local', ip: 'fe80:0:0:0:d9:2a8c:504e:3510%en0'
Build info: version: '4.13.0', revision: 'ba948ece5b*'
System info: os.name: 'Mac OS X', os.arch: 'x86_64', os.version: '15.6.1', java.version: '24.0.2'
Driver info: io.appium.java_client.android.AndroidDriver
Command: [null, newSession {capabilities=[{appium:udid=emulator-5554, appium:newCommandTimeout=300, appium:deviceName=Android Emulator, platformName=ANDROID, appium:automationName=UiAutomator2, appium:app=../test-app/build/app/outputs/flutter-apk/app-debug.apk}], desiredCapabilities=Capabilities {appium:app: ../test-app/build/app/outpu..., appium:automationName: UiAutomator2, appium:deviceName: Android Emulator, appium:newCommandTimeout: 300, appium:udid: emulator-5554, platformName: ANDROID}}]
Capabilities {appium:app: ../test-app/build/app/outpu..., appium:automationName: UiAutomator2, appium:deviceName: Android Emulator, appium:newCommandTimeout: 300, appium:udid: emulator-5554, platformName: ANDROID}
at org.openqa.selenium.remote.ProtocolHandshake.createSession(ProtocolHandshake.java:140)
at java.base/jdk.internal.reflect.DirectMethodHandleAccessor.invoke(DirectMethodHandleAccessor.java:104)
at java.base/java.lang.reflect.Method.invoke(Method.java:565)
at io.appium.java_client.remote.AppiumProtocolHandshake.createSession(AppiumProtocolHandshake.java:133)
at io.appium.java_client.remote.AppiumProtocolHandshake.createSession(AppiumProtocolHandshake.java:102)
at io.appium.java_client.remote.AppiumCommandExecutor.createSession(AppiumCommandExecutor.java:182)
at io.appium.java_client.remote.AppiumCommandExecutor.execute(AppiumCommandExecutor.java:250)
at org.openqa.selenium.remote.RemoteWebDriver.execute(RemoteWebDriver.java:602)
at io.appium.java_client.AppiumDriver.startSession(AppiumDriver.java:274)
at org.openqa.selenium.remote.RemoteWebDriver.<init>(RemoteWebDriver.java:163)
at io.appium.java_client.AppiumDriver.<init>(AppiumDriver.java:89)
at io.appium.java_client.AppiumDriver.<init>(AppiumDriver.java:101)
at io.appium.java_client.android.AndroidDriver.<init>(AndroidDriver.java:113)
at com.example.BaseTest.setUp(BaseTest.java:51)
at java.base/jdk.internal.reflect.DirectMethodHandleAccessor.invoke(DirectMethodHandleAccessor.java:104)
at java.base/java.lang.reflect.Method.invoke(Method.java:565)
at org.testng.internal.invokers.MethodInvocationHelper.invokeMethod(MethodInvocationHelper.java:139)
at org.testng.internal.invokers.MethodInvocationHelper.invokeMethodConsideringTimeout(MethodInvocationHelper.java:69)
at org.testng.internal.invokers.ConfigInvoker.invokeConfigurationMethod(ConfigInvoker.java:361)
at org.testng.internal.invokers.ConfigInvoker.invokeConfigurations(ConfigInvoker.java:296)
at org.testng.internal.invokers.TestMethodWorker.invokeBeforeClassMethods(TestMethodWorker.java:180)
at org.testng.internal.invokers.TestMethodWorker.run(TestMethodWorker.java:122)
at java.base/java.util.ArrayList.forEach(ArrayList.java:1604)
at org.testng.TestRunner.privateRun(TestRunner.java:829)
at org.testng.TestRunner.run(TestRunner.java:602)
at org.testng.SuiteRunner.runTest(SuiteRunner.java:437)
at org.testng.SuiteRunner.runSequentially(SuiteRunner.java:431)
at org.testng.SuiteRunner.privateRun(SuiteRunner.java:391)
at org.testng.SuiteRunner.run(SuiteRunner.java:330)
at org.testng.SuiteRunnerWorker.runSuite(SuiteRunnerWorker.java:52)
at org.testng.SuiteRunnerWorker.run(SuiteRunnerWorker.java:95)
at org.testng.TestNG.runSuitesSequentially(TestNG.java:1256)
at org.testng.TestNG.runSuitesLocally(TestNG.java:1176)
at org.testng.TestNG.runSuites(TestNG.java:1099)
at org.testng.TestNG.run(TestNG.java:1067)
at org.apache.maven.surefire.testng.TestNGExecutor.run(TestNGExecutor.java:151)
at org.apache.maven.surefire.testng.TestNGDirectoryTestSuite.executeSingleClass(TestNGDirectoryTestSuite.java:111)
at org.apache.maven.surefire.testng.TestNGDirectoryTestSuite.execute(TestNGDirectoryTestSuite.java:98)
at org.apache.maven.surefire.testng.TestNGProvider.invoke(TestNGProvider.java:155)
at org.apache.maven.surefire.booter.ForkedBooter.runSuitesInProcess(ForkedBooter.java:456)
at org.apache.maven.surefire.booter.ForkedBooter.execute(ForkedBooter.java:169)
at org.apache.maven.surefire.booter.ForkedBooter.run(ForkedBooter.java:595)
at org.apache.maven.surefire.booter.ForkedBooter.main(ForkedBooter.java:581)
]]>
    </error>
  </testcase> <!-- setUp -->
  <system-out/>
</testsuite> <!-- com.example.tests.TaskCrudSuite -->
