<?xml version="1.0" encoding="UTF-8"?>
<!-- Generated by org.testng.reporters.JUnitReportReporter -->
<testsuite hostname="MacBooknoMacBook-Pro.local" failures="0" tests="5" name="com.example.tests.CreateTaskSuite" time="110.901" errors="0" timestamp="2025-11-25T19:35:35 GMT+07:00" skipped="0">
  <testcase classname="com.example.tests.CreateTaskSuite" name="testCreateLongTask" time="22.784"/>
  <system-out/>
  <testcase classname="com.example.tests.CreateTaskSuite" name="testCreateVietnameseTask" time="21.223"/>
  <system-out/>
  <testcase classname="com.example.tests.CreateTaskSuite" name="testCreateSimpleTask" time="21.687"/>
  <system-out/>
  <testcase classname="com.example.tests.CreateTaskSuite" name="testCreateTaskWithNumbers" time="21.244"/>
  <system-out/>
  <testcase classname="com.example.tests.CreateTaskSuite" name="testCreateEmptyTask" time="23.963"/>
  <system-out/>
</testsuite> <!-- com.example.tests.CreateTaskSuite -->
