<?xml version="1.0" encoding="UTF-8"?>
<!-- Generated by org.testng.reporters.JUnitReportReporter -->
<testsuite hostname="MacBooknoMacBook-Pro.local" failures="0" tests="5" name="com.example.tests.DeleteTaskSuite" time="250.325" errors="0" timestamp="2025-11-25T19:35:35 GMT+07:00" skipped="0">
  <testcase classname="com.example.tests.DeleteTaskSuite" name="testDeleteMiddleTask" time="53.860"/>
  <system-out/>
  <testcase classname="com.example.tests.DeleteTaskSuite" name="testDeleteAllTasks" time="72.901"/>
  <system-out/>
  <testcase classname="com.example.tests.DeleteTaskSuite" name="testDeleteOldestTask" time="64.577"/>
  <system-out/>
  <testcase classname="com.example.tests.DeleteTaskSuite" name="testDeleteVietnameseTask" time="29.755"/>
  <system-out/>
  <testcase classname="com.example.tests.DeleteTaskSuite" name="testDeleteTaskWithSpecialContent" time="29.232"/>
  <system-out/>
</testsuite> <!-- com.example.tests.DeleteTaskSuite -->
