<?xml version="1.0" encoding="UTF-8"?>
<!-- Generated by org.testng.reporters.JUnitReportReporter -->
<testsuite hostname="MacBooknoMacBook-Pro.local" failures="0" tests="5" name="com.example.tests.ToggleDoneSuite" time="140.227" errors="0" timestamp="2025-11-25T11:28:39 GMT+07:00" skipped="0">
  <testcase classname="com.example.tests.ToggleDoneSuite" name="testToggleDoneTwice" time="42.601"/>
  <system-out/>
  <testcase classname="com.example.tests.ToggleDoneSuite" name="testToggleDone" time="19.644"/>
  <system-out/>
  <testcase classname="com.example.tests.ToggleDoneSuite" name="testToggleLongTitle" time="19.507"/>
  <system-out/>
  <testcase classname="com.example.tests.ToggleDoneSuite" name="testToggleNumbersTask" time="29.115"/>
  <system-out/>
  <testcase classname="com.example.tests.ToggleDoneSuite" name="testToggleVietnameseTask" time="29.360"/>
  <system-out/>
</testsuite> <!-- com.example.tests.ToggleDoneSuite -->
