<?xml version="1.0" encoding="UTF-8"?>
<!-- Generated by org.testng.reporters.JUnitReportReporter -->
<testsuite hostname="MacBooknoMacBook-Pro.local" failures="0" tests="5" name="com.example.tests.EditDeleteInlineSuite" time="184.297" errors="0" timestamp="2025-11-25T11:28:39 GMT+07:00" skipped="0">
  <testcase classname="com.example.tests.EditDeleteInlineSuite" name="testDeleteTaskButton" time="48.679"/>
  <system-out/>
  <testcase classname="com.example.tests.EditDeleteInlineSuite" name="testEditTaskTitleInline" time="35.045"/>
  <system-out/>
  <testcase classname="com.example.tests.EditDeleteInlineSuite" name="testEditTaskToEmpty" time="36.123"/>
  <system-out/>
  <testcase classname="com.example.tests.EditDeleteInlineSuite" name="testDeleteTaskSwipe" time="28.165"/>
  <system-out/>
  <testcase classname="com.example.tests.EditDeleteInlineSuite" name="testEditTaskVietnamese" time="36.285"/>
  <system-out/>
</testsuite> <!-- com.example.tests.EditDeleteInlineSuite -->
