<?xml version="1.0" encoding="UTF-8"?>
<!-- Generated by org.testng.reporters.JUnitReportReporter -->
<testsuite hostname="MacBooknoMacBook-Pro.local" failures="0" tests="5" name="com.example.tests.DeleteTaskSuite" time="131.935" errors="0" timestamp="2025-11-25T12:11:35 GMT+07:00" skipped="0">
  <testcase classname="com.example.tests.DeleteTaskSuite" name="testDeleteFirstTask" time="18.586"/>
  <system-out/>
  <testcase classname="com.example.tests.DeleteTaskSuite" name="testDeleteVietnameseTask" time="28.724"/>
  <system-out/>
  <testcase classname="com.example.tests.DeleteTaskSuite" name="testDeleteAfterCreation" time="20.253"/>
  <system-out/>
  <testcase classname="com.example.tests.DeleteTaskSuite" name="testDeleteMultipleTasks" time="46.542"/>
  <system-out/>
  <testcase classname="com.example.tests.DeleteTaskSuite" name="testDeleteSimpleTask" time="17.830"/>
  <system-out/>
</testsuite> <!-- com.example.tests.DeleteTaskSuite -->
