<?xml version="1.0" encoding="UTF-8"?>
<!-- Generated by org.testng.reporters.JUnitReportReporter -->
<testsuite hostname="MacBooknoMacBook-Pro.local" failures="0" tests="5" name="com.example.tests.CreateTaskSuite" time="99.269" errors="0" timestamp="2025-11-25T12:11:35 GMT+07:00" skipped="0">
  <testcase classname="com.example.tests.CreateTaskSuite" name="testCreateTaskWithNumbers" time="18.620"/>
  <system-out/>
  <testcase classname="com.example.tests.CreateTaskSuite" name="testCreateLongTask" time="19.740"/>
  <system-out/>
  <testcase classname="com.example.tests.CreateTaskSuite" name="testCreateVietnameseTask" time="20.369"/>
  <system-out/>
  <testcase classname="com.example.tests.CreateTaskSuite" name="testCreateEmptyTask" time="20.623"/>
  <system-out/>
  <testcase classname="com.example.tests.CreateTaskSuite" name="testCreateSimpleTask" time="19.917"/>
  <system-out/>
</testsuite> <!-- com.example.tests.CreateTaskSuite -->
