<?xml version="1.0" encoding="UTF-8"?>
<!-- Generated by org.testng.reporters.JUnitReportReporter -->
<testsuite hostname="MacBooknoMacBook-Pro.local" failures="0" tests="4" name="com.example.tests.TaskFlowTest" time="118.892" errors="0" timestamp="2025-11-06T21:44:22 GMT+07:00" skipped="0">
  <testcase classname="com.example.tests.TaskFlowTest" name="testAddTaskWithFullInfo" time="54.599"/>
  <system-out/>
  <testcase classname="com.example.tests.TaskFlowTest" name="testAddTaskMissingTitleShowsValidation" time="4.235"/>
  <system-out/>
  <testcase classname="com.example.tests.TaskFlowTest" name="testViewAllTasksFromHome" time="12.110"/>
  <system-out/>
  <testcase classname="com.example.tests.TaskFlowTest" name="testClearAllTasksInSettings" time="47.948"/>
  <system-out/>
</testsuite> <!-- com.example.tests.TaskFlowTest -->
