<?xml version="1.0" encoding="UTF-8"?>
<!-- Generated by org.testng.reporters.JUnitReportReporter -->
<testsuite hostname="MacBooknoMacBook-Pro.local" failures="0" tests="5" name="com.example.tests.UpdateTaskSuite" time="177.373" errors="0" timestamp="2025-11-25T19:35:35 GMT+07:00" skipped="0">
  <testcase classname="com.example.tests.UpdateTaskSuite" name="testUpdateSimpleTask" time="36.300"/>
  <system-out/>
  <testcase classname="com.example.tests.UpdateTaskSuite" name="testUpdateToVietnamese" time="34.998"/>
  <system-out/>
  <testcase classname="com.example.tests.UpdateTaskSuite" name="testUpdateMultipleTimes" time="43.854"/>
  <system-out/>
  <testcase classname="com.example.tests.UpdateTaskSuite" name="testUpdateWithNumbers" time="25.479"/>
  <system-out/>
  <testcase classname="com.example.tests.UpdateTaskSuite" name="testUpdateToLongerText" time="36.742"/>
  <system-out/>
</testsuite> <!-- com.example.tests.UpdateTaskSuite -->
