<?xml version="1.0" encoding="UTF-8"?>
<!-- Generated by org.testng.reporters.JUnitXMLReporter -->
<testsuite ignored="0" hostname="MacBooknoMacBook-Pro.local" failures="0" tests="5" name="AddTaskInlineTests" time="117.003" errors="0" timestamp="2025-11-25T11:22:51 GMT+07:00">
  <testcase classname="com.example.tests.AddTaskInlineSuite" name="testAddTask1" time="19.381"/>
  <testcase classname="com.example.tests.AddTaskInlineSuite" name="testAddTask2" time="18.608"/>
  <testcase classname="com.example.tests.AddTaskInlineSuite" name="testAddTask3" time="18.213"/>
  <testcase classname="com.example.tests.AddTaskInlineSuite" name="testAddTask4" time="18.32"/>
  <testcase classname="com.example.tests.AddTaskInlineSuite" name="testAddTask5" time="18.438"/>
</testsuite> <!-- AddTaskInlineTests -->
