<?xml version="1.0" encoding="UTF-8"?>
<!-- Generated by org.testng.reporters.JUnitXMLReporter -->
<testsuite ignored="0" hostname="MacBooknoMacBook-Pro.local" failures="2" tests="2" name="Android Counter Tests" time="70.014" errors="0" timestamp="2025-11-06T12:46:48 GMT+07:00">
  <testcase classname="com.example.tests.CounterTest" name="testIncrementOnce" time="12.384">
    <failure type="java.lang.AssertionError" message="Failed to read counter before action: Expected condition failed: waiting for presence of element located by: AppiumBy.id: com.example.app:id/counter (tried for 12 second(s) with 500 milliseconds interval)">
      <![CDATA[java.lang.AssertionError: Failed to read counter before action: Expected condition failed: waiting for presence of element located by: AppiumBy.id: com.example.app:id/counter (tried for 12 second(s) with 500 milliseconds interval)
at com.example.tests.CounterTest.testIncrementOnce(CounterTest.java:33)
at java.base/java.util.ArrayList.forEach(ArrayList.java:1604)
... Removed 30 stack frames]]>
    </failure>
  </testcase> <!-- testIncrementOnce -->
  <testcase classname="com.example.tests.CounterTest" name="testIncrementThreeTimes" time="37.191">
    <failure type="org.openqa.selenium.TimeoutException" message="Expected condition failed: waiting for presence of element located by: AppiumBy.id: com.example.app:id/increment_button (tried for 12 second(s) with 500 milliseconds interval)">
      <![CDATA[org.openqa.selenium.TimeoutException: Expected condition failed: waiting for presence of element located by: AppiumBy.id: com.example.app:id/increment_button (tried for 12 second(s) with 500 milliseconds interval)
at org.openqa.selenium.support.ui.WebDriverWait.timeoutException(WebDriverWait.java:84)
at org.openqa.selenium.support.ui.FluentWait.until(FluentWait.java:230)
at com.example.pages.HomePage.getIncrementButton(HomePage.java:37)
at com.example.pages.HomePage.tapIncrement(HomePage.java:46)
at com.example.tests.CounterTest.testIncrementThreeTimes(CounterTest.java:71)
at java.base/java.util.ArrayList.forEach(ArrayList.java:1604)
Caused by: org.openqa.selenium.NoSuchElementException: An element could not be located on the page using the given search parameters.
For documentation on this error, please visit: https://www.selenium.dev/documentation/webdriver/troubleshooting/errors#no-such-element-exception
Build info: version: '4.13.0', revision: 'ba948ece5b*'
System info: os.name: 'Mac OS X', os.arch: 'x86_64', os.version: '15.6.1', java.version: '24.0.2'
Driver info: io.appium.java_client.android.AndroidDriver
Command: [7af7babd-4ebc-47d3-a2eb-e58486dbd667, findElement {using=id, value=com.example.app:id/increment_button}]
Capabilities {appium:app: /Users/macbook/Documents/Co..., appium:appActivity: com.example.test_app.MainAc..., appium:appPackage: com.example.test_app, appium:automationName: UiAutomator2, appium:databaseEnabled: false, appium:desired: {app: /Users/macbook/Documents/Co..., automationName: UiAutomator2, deviceName: Android Emulator, newCommandTimeout: 300, platformName: ANDROID}, appium:deviceApiLevel: 36, appium:deviceManufacturer: Google, appium:deviceModel: sdk_gphone64_x86_64, appium:deviceName: emulator-5554, appium:deviceScreenDensity: 480, appium:deviceScreenSize: 1344x2992, appium:deviceUDID: emulator-5554, appium:javascriptEnabled: true, appium:locationContextEnabled: false, appium:networkConnectionEnabled: true, appium:newCommandTimeout: 300, appium:pixelRatio: 3, appium:platformVersion: 16, appium:statBarHeight: 151, appium:takesScreenshot: true, appium:viewportRect: {height: 2841, left: 0, top: 151, width: 1344}, appium:warnings: {}, appium:webStorageEnabled: false, platformName: ANDROID}
Session ID: 7af7babd-4ebc-47d3-a2eb-e58486dbd667
at org.openqa.selenium.remote.codec.w3c.W3CHttpResponseCodec.createException(W3CHttpResponseCodec.java:200)
at org.openqa.selenium.remote.codec.w3c.W3CHttpResponseCodec.decode(W3CHttpResponseCodec.java:133)
at org.openqa.selenium.remote.codec.w3c.W3CHttpResponseCodec.decode(W3CHttpResponseCodec.java:52)
at org.openqa.selenium.remote.HttpCommandExecutor.execute(HttpCommandExecutor.java:191)
at io.appium.java_client.remote.AppiumCommandExecutor.execute(AppiumCommandExecutor.java:250)
at org.openqa.selenium.remote.RemoteWebDriver.execute(RemoteWebDriver.java:602)
at org.openqa.selenium.remote.ElementLocation$ElementFinder$2.findElement(ElementLocation.java:165)
at org.openqa.selenium.remote.ElementLocation.findElement(ElementLocation.java:59)
at org.openqa.selenium.remote.RemoteWebDriver.findElement(RemoteWebDriver.java:359)
at org.openqa.selenium.remote.RemoteWebDriver.findElement(RemoteWebDriver.java:353)
at org.openqa.selenium.support.ui.ExpectedConditions$6.apply(ExpectedConditions.java:171)
at org.openqa.selenium.support.ui.ExpectedConditions$6.apply(ExpectedConditions.java:168)
at org.openqa.selenium.support.ui.FluentWait.until(FluentWait.java:205)
... 33 more
... Removed 32 stack frames]]>
    </failure>
  </testcase> <!-- testIncrementThreeTimes -->
</testsuite> <!-- Android Counter Tests -->
