<?xml version="1.0" encoding="UTF-8"?>
<!-- Generated by org.testng.reporters.JUnitXMLReporter -->
<testsuite ignored="2" hostname="MacBooknoMacBook-Pro.local" failures="0" tests="1" name="Android Task Flow Tests" time="24.595" errors="0" timestamp="2025-11-06T18:17:02 GMT+07:00">
  <testcase classname="com.example.tests.TaskFlowTest" name="testAddTaskAppears" time="3.646"/>
  <testcase classname="com.example.tests.TaskFlowTest" name="testClearAllTasksViaSettings" time="0.0">
    <ignored/>
  </testcase> <!-- testClearAllTasksViaSettings -->
  <testcase classname="com.example.tests.TaskFlowTest" name="testAddTaskAndVerifyInList" time="0.0">
    <ignored/>
  </testcase> <!-- testAddTaskAndVerifyInList -->
</testsuite> <!-- Android Task Flow Tests -->
