<?xml version="1.0" encoding="UTF-8"?>
<!-- Generated by org.testng.reporters.JUnitXMLReporter -->
<testsuite ignored="0" hostname="MacBooknoMacBook-Pro.local" failures="0" tests="5" name="CreateTaskTests" time="140.827" errors="0" timestamp="2025-11-25T19:28:04 GMT+07:00">
  <testcase classname="com.example.tests.CreateTaskSuite" name="testCreateEmptyTask" time="22.032"/>
  <testcase classname="com.example.tests.CreateTaskSuite" name="testCreateLongTask" time="21.047"/>
  <testcase classname="com.example.tests.CreateTaskSuite" name="testCreateSimpleTask" time="19.613"/>
  <testcase classname="com.example.tests.CreateTaskSuite" name="testCreateTaskWithNumbers" time="19.512"/>
  <testcase classname="com.example.tests.CreateTaskSuite" name="testCreateVietnameseTask" time="19.339"/>
</testsuite> <!-- CreateTaskTests -->
