<?xml version="1.0" encoding="UTF-8"?>
<!-- Generated by org.testng.reporters.JUnitXMLReporter -->
<testsuite ignored="0" hostname="MacBooknoMacBook-Pro.local" failures="0" tests="5" name="CreateTaskTests" time="122.285" errors="0" timestamp="2025-11-25T12:05:54 GMT+07:00">
  <testcase classname="com.example.tests.CreateTaskSuite" name="testCreateEmptyTask" time="19.664"/>
  <testcase classname="com.example.tests.CreateTaskSuite" name="testCreateLongTask" time="18.524"/>
  <testcase classname="com.example.tests.CreateTaskSuite" name="testCreateSimpleTask" time="18.933"/>
  <testcase classname="com.example.tests.CreateTaskSuite" name="testCreateTaskWithNumbers" time="17.547"/>
  <testcase classname="com.example.tests.CreateTaskSuite" name="testCreateVietnameseTask" time="19.411"/>
</testsuite> <!-- CreateTaskTests -->
