<?xml version="1.0" encoding="UTF-8"?>
<!-- Generated by org.testng.reporters.JUnitXMLReporter -->
<testsuite ignored="0" hostname="MacBooknoMacBook-Pro.local" failures="0" tests="5" name="DeleteTaskTests" time="145.125" errors="0" timestamp="2025-11-25T12:11:35 GMT+07:00">
  <testcase classname="com.example.tests.DeleteTaskSuite" name="testDeleteAfterCreation" time="18.906"/>
  <testcase classname="com.example.tests.DeleteTaskSuite" name="testDeleteFirstTask" time="17.595"/>
  <testcase classname="com.example.tests.DeleteTaskSuite" name="testDeleteMultipleTasks" time="45.571"/>
  <testcase classname="com.example.tests.DeleteTaskSuite" name="testDeleteSimpleTask" time="16.829"/>
  <testcase classname="com.example.tests.DeleteTaskSuite" name="testDeleteVietnameseTask" time="27.746"/>
</testsuite> <!-- DeleteTaskTests -->
