<?xml version="1.0" encoding="UTF-8"?>
<!-- Generated by org.testng.reporters.JUnitXMLReporter -->
<testsuite ignored="0" hostname="MacBooknoMacBook-Pro.local" failures="0" tests="5" name="DeleteTaskTests" time="260.272" errors="0" timestamp="2025-11-25T19:35:35 GMT+07:00">
  <testcase classname="com.example.tests.DeleteTaskSuite" name="testDeleteAllTasks" time="70.775"/>
  <testcase classname="com.example.tests.DeleteTaskSuite" name="testDeleteMiddleTask" time="51.983"/>
  <testcase classname="com.example.tests.DeleteTaskSuite" name="testDeleteOldestTask" time="62.856"/>
  <testcase classname="com.example.tests.DeleteTaskSuite" name="testDeleteTaskWithSpecialContent" time="27.161"/>
  <testcase classname="com.example.tests.DeleteTaskSuite" name="testDeleteVietnameseTask" time="28.005"/>
</testsuite> <!-- DeleteTaskTests -->
