<?xml version="1.0" encoding="UTF-8"?>
<!-- Generated by org.testng.reporters.JUnitXMLReporter -->
<testsuite ignored="0" hostname="MacBooknoMacBook-Pro.local" failures="0" tests="5" name="EditDeleteInlineTests" time="195.932" errors="0" timestamp="2025-11-25T11:26:07 GMT+07:00">
  <testcase classname="com.example.tests.EditDeleteInlineSuite" name="testDeleteTaskButton" time="47.671"/>
  <testcase classname="com.example.tests.EditDeleteInlineSuite" name="testDeleteTaskSwipe" time="27.191"/>
  <testcase classname="com.example.tests.EditDeleteInlineSuite" name="testEditTaskTitleInline" time="33.81"/>
  <testcase classname="com.example.tests.EditDeleteInlineSuite" name="testEditTaskToEmpty" time="35.139"/>
  <testcase classname="com.example.tests.EditDeleteInlineSuite" name="testEditTaskVietnamese" time="35.329"/>
</testsuite> <!-- EditDeleteInlineTests -->
