<?xml version="1.0" encoding="UTF-8"?>
<!-- Generated by org.testng.reporters.JUnitXMLReporter -->
<testsuite ignored="0" hostname="MacBooknoMacBook-Pro.local" failures="0" tests="5" name="ToggleDoneTests" time="151.878" errors="0" timestamp="2025-11-25T11:28:39 GMT+07:00">
  <testcase classname="com.example.tests.ToggleDoneSuite" name="testToggleDone" time="18.605"/>
  <testcase classname="com.example.tests.ToggleDoneSuite" name="testToggleDoneTwice" time="41.336"/>
  <testcase classname="com.example.tests.ToggleDoneSuite" name="testToggleLongTitle" time="18.477"/>
  <testcase classname="com.example.tests.ToggleDoneSuite" name="testToggleNumbersTask" time="28.084"/>
  <testcase classname="com.example.tests.ToggleDoneSuite" name="testToggleVietnameseTask" time="28.323"/>
</testsuite> <!-- ToggleDoneTests -->
