<?xml version="1.0" encoding="UTF-8"?>
<!-- Generated by org.testng.reporters.JUnitXMLReporter -->
<testsuite ignored="0" hostname="MacBooknoMacBook-Pro.local" failures="0" tests="5" name="UpdateTaskTests" time="196.525" errors="0" timestamp="2025-11-25T12:09:10 GMT+07:00">
  <testcase classname="com.example.tests.UpdateTaskSuite" name="testUpdateMultipleTimes" time="43.261"/>
  <testcase classname="com.example.tests.UpdateTaskSuite" name="testUpdateSimpleTask" time="37.317"/>
  <testcase classname="com.example.tests.UpdateTaskSuite" name="testUpdateToLongerText" time="24.432"/>
  <testcase classname="com.example.tests.UpdateTaskSuite" name="testUpdateToVietnamese" time="34.057"/>
  <testcase classname="com.example.tests.UpdateTaskSuite" name="testUpdateWithNumbers" time="37.175"/>
</testsuite> <!-- UpdateTaskTests -->
