<?xml version="1.0" encoding="UTF-8"?>
<!-- Generated by org.testng.reporters.JUnitXMLReporter -->
<testsuite ignored="0" hostname="MacBooknoMacBook-Pro.local" failures="0" tests="5" name="UpdateTaskTests" time="191.337" errors="0" timestamp="2025-11-25T19:31:15 GMT+07:00">
  <testcase classname="com.example.tests.UpdateTaskSuite" name="testUpdateMultipleTimes" time="42.484"/>
  <testcase classname="com.example.tests.UpdateTaskSuite" name="testUpdateSimpleTask" time="34.475"/>
  <testcase classname="com.example.tests.UpdateTaskSuite" name="testUpdateToLongerText" time="34.731"/>
  <testcase classname="com.example.tests.UpdateTaskSuite" name="testUpdateToVietnamese" time="33.584"/>
  <testcase classname="com.example.tests.UpdateTaskSuite" name="testUpdateWithNumbers" time="23.781"/>
</testsuite> <!-- UpdateTaskTests -->
